Vivado Simulator 2019.2
Time resolution is 1 ps
 Block Memory Generator module loading initial data...
 Block Memory Generator data initialization complete.
Block Memory Generator module mma_tb.m.your_instance_name.inst.native_mem_module.blk_mem_gen_v8_4_4_inst is using a behavioral model for simulation which will not precisely model memory collision behavior.
clk cycle  start tvalid    res
cycle= 0  start=0 valid=0 result=xxxxxxxx
cycle= 0  start=0 valid=0 result=00000000
cycle= 1  start=1 valid=0 result=00000000
cycle= 2  start=0 valid=0 result=00000000
cycle= 3  start=0 valid=0 result=00000000
cycle= 4  start=0 valid=0 result=00000000
cycle= 5  start=0 valid=0 result=00000000
cycle= 6  start=0 valid=0 result=00000000
cycle= 7  start=0 valid=0 result=00000000
cycle= 8  start=0 valid=0 result=00000000
cycle= 9  start=0 valid=0 result=00000000
Warning: OPMODE Input Warning : The OPMODE 01100XX with CARRYINSEL  000 to DSP48E1 instance is invalid.
Time: 100010 ps  Iteration: 0  Process: /mma_tb/m/float/U0/i_synth/fma_op/OP/addsub/add/ALIGN_BLK/FRAC_ADDSUB/dsp_add/one_dsp/FRAC_ADDSUB/dsp48e1_add/DSP48E1_ADD/i_no_versal_es1_workaround/DSP/prcs_opmode_drc  File: /home/clarastassen/Xilinx/Vivado/2019.2/data/vhdl/src/unisims/primitive/DSP48E1.vhd
cycle=10  start=0 valid=0 result=00000000
cycle=11  start=0 valid=0 result=00000000
cycle=12  start=0 valid=0 result=00000000
cycle=13  start=0 valid=0 result=00000000
cycle=14  start=0 valid=0 result=00000000
cycle=15  start=0 valid=0 result=00000000
cycle=16  start=0 valid=0 result=00000000
cycle=17  start=0 valid=0 result=00000000
cycle=18  start=0 valid=0 result=40800000
cycle=19  start=0 valid=x result=00000000
cycle=20  start=0 valid=1 result=00000000
cycle=21  start=0 valid=1 result=00000000
cycle=22  start=0 valid=1 result=00000000
cycle=23  start=0 valid=1 result=00000000
cycle=24  start=0 valid=1 result=00000000
cycle=25  start=0 valid=1 result=00000000
cycle=26  start=0 valid=1 result=00000000
cycle=27  start=0 valid=1 result=00000000
cycle=28  start=0 valid=1 result=00000000
cycle=29  start=0 valid=1 result=00000000
cycle=30  start=0 valid=1 result=00000000
cycle=31  start=0 valid=1 result=00000000
cycle=32  start=0 valid=1 result=00000000
cycle=33  start=0 valid=1 result=00000000
cycle=34  start=0 valid=1 result=00000000
cycle=35  start=0 valid=1 result=00000000
cycle=36  start=0 valid=1 result=00000000
cycle=37  start=0 valid=1 result=00000000
cycle=38  start=0 valid=1 result=00000000
cycle=39  start=0 valid=1 result=00000000
cycle=40  start=0 valid=1 result=00000000
cycle=41  start=0 valid=1 result=00000000
cycle=42  start=0 valid=1 result=00000000
cycle=43  start=0 valid=1 result=00000000
cycle=44  start=0 valid=1 result=00000000
cycle=45  start=0 valid=1 result=00000000
cycle=46  start=0 valid=1 result=00000000
cycle=47  start=0 valid=1 result=00000000
cycle=48  start=0 valid=1 result=00000000
cycle=49  start=0 valid=1 result=00000000
cycle=50  start=0 valid=1 result=00000000
cycle=51  start=0 valid=1 result=00000000
cycle=52  start=0 valid=1 result=00000000
cycle=53  start=0 valid=1 result=00000000
cycle=54  start=0 valid=1 result=00000000
cycle=55  start=0 valid=1 result=00000000
cycle=56  start=0 valid=1 result=00000000
cycle=57  start=0 valid=1 result=00000000
cycle=58  start=0 valid=1 result=00000000
cycle=59  start=0 valid=1 result=00000000
cycle=60  start=0 valid=1 result=00000000
cycle=61  start=0 valid=1 result=00000000
cycle=62  start=0 valid=1 result=00000000
